<?xml version="1.0" encoding="UTF-8"?>
<!-- Generated by org.testng.reporters.JUnitReportReporter -->
<testsuite hostname="Ammu-PC" name="ImageComparison" tests="1" failures="0" timestamp="11 Sep 2017 04:44:21 GMT" time="11.642" errors="0">
  <testcase name="ImageComparison" time="11.642" classname="ImageComparison"/>
</testsuite> <!-- ImageComparison -->
