<?xml version="1.0" encoding="UTF-8"?>
<!-- Generated by org.testng.reporters.JUnitReportReporter -->
<testsuite hostname="Ammu-PC" name="HandleCalendar" tests="1" failures="0" timestamp="12 Sep 2017 07:48:04 GMT" time="20.172" errors="0">
  <testcase name="handleCalendarTest" time="20.172" classname="HandleCalendar"/>
</testsuite> <!-- HandleCalendar -->
