<?xml version="1.0" encoding="UTF-8"?>
<!-- Generated by org.testng.reporters.JUnitReportReporter -->
<testsuite hostname="Ammu-PC" name="com.kitomba.kitomba_project.testScripts.TC001" tests="1" failures="0" timestamp="9 Sep 2017 23:47:28 GMT" time="1.035" errors="0">
  <testcase name="loginTest" time="1.035" classname="com.kitomba.kitomba_project.testScripts.TC001"/>
</testsuite> <!-- com.kitomba.kitomba_project.testScripts.TC001 -->
