<?xml version="1.0" encoding="UTF-8"?>
<!-- Generated by org.testng.reporters.JUnitReportReporter -->
<testsuite hostname="Ammu-PC" name="testScripts.TC002" tests="1" failures="0" timestamp="18 Sep 2017 01:58:33 GMT" time="14.491" errors="0">
  <testcase name="HandleTable" time="14.491" classname="testScripts.TC002"/>
</testsuite> <!-- testScripts.TC002 -->
