<?xml version="1.0" encoding="UTF-8"?>
<!-- Generated by org.testng.reporters.JUnitReportReporter -->
<testsuite hostname="Ammu-PC" name="testScripts.TC001" tests="1" failures="0" timestamp="21 Feb 2018 00:57:43 GMT" time="23.593" errors="0">
  <testcase name="ValidSigninPagetest1" time="23.593" classname="testScripts.TC001"/>
</testsuite> <!-- testScripts.TC001 -->
