<?xml version="1.0" encoding="UTF-8"?>
<!-- Generated by org.testng.reporters.JUnitReportReporter -->
<testsuite skipped="0" hostname="Ammu-PC" name="SeleniumBasics.SeleniumBasics.CountNoOfLinks" tests="1" failures="0" timestamp="12 Sep 2017 07:52:51 GMT" time="11.974" errors="0">
  <testcase name="countLinksTest" time="11.974" classname="SeleniumBasics.SeleniumBasics.CountNoOfLinks"/>
</testsuite> <!-- SeleniumBasics.SeleniumBasics.CountNoOfLinks -->
