<?xml version="1.0" encoding="UTF-8"?>
<!-- Generated by org.testng.reporters.JUnitReportReporter -->
<testsuite skipped="0" hostname="Ammu-PC" name="SeleniumBasics.SeleniumBasics.CountNoOfLinks" tests="1" failures="0" timestamp="27 Jan 2018 06:49:02 GMT" time="18.208" errors="0">
  <testcase name="countLinksTest" time="18.208" classname="SeleniumBasics.SeleniumBasics.CountNoOfLinks"/>
</testsuite> <!-- SeleniumBasics.SeleniumBasics.CountNoOfLinks -->
