<?xml version="1.0" encoding="UTF-8"?>
<!-- Generated by org.testng.reporters.JUnitReportReporter -->
<testsuite skipped="0" hostname="Ammu-PC" name="SeleniumBasics.SeleniumBasics.deleteAllMailFromInbox" tests="1" failures="0" timestamp="05 Sep 2017 20:33:02 GMT" time="28.503" errors="0">
  <testcase name="Test" time="28.503" classname="SeleniumBasics.SeleniumBasics.deleteAllMailFromInbox"/>
</testsuite> <!-- SeleniumBasics.SeleniumBasics.deleteAllMailFromInbox -->
