<?xml version="1.0" encoding="UTF-8"?>
<!-- Generated by org.testng.reporters.JUnitReportReporter -->
<testsuite skipped="0" hostname="Ammu-PC" name="SeleniumBasics.SeleniumBasics.ZoomInZoomOut" tests="1" failures="0" timestamp="05 Sep 2017 22:42:37 GMT" time="15.228" errors="0">
  <testcase name="Test" time="15.228" classname="SeleniumBasics.SeleniumBasics.ZoomInZoomOut"/>
</testsuite> <!-- SeleniumBasics.SeleniumBasics.ZoomInZoomOut -->
