<?xml version="1.0" encoding="UTF-8"?>
<!-- Generated by org.testng.reporters.JUnitReportReporter -->
<testsuite skipped="0" hostname="Ammu-PC" name="SeleniumBasics.SeleniumBasics.MouseOver" tests="1" failures="0" timestamp="15 Sep 2017 22:33:42 GMT" time="12.116" errors="0">
  <testcase name="mouseOverTest" time="12.116" classname="SeleniumBasics.SeleniumBasics.MouseOver"/>
</testsuite> <!-- SeleniumBasics.SeleniumBasics.MouseOver -->
