<?xml version="1.0" encoding="UTF-8"?>
<!-- Generated by org.testng.reporters.JUnitReportReporter -->
<testsuite skipped="0" hostname="Ammu-PC" name="SeleniumBasics.SeleniumBasics.pageScrolling" tests="1" failures="0" timestamp="05 Sep 2017 22:05:04 GMT" time="24.270" errors="0">
  <testcase name="Test" time="24.270" classname="SeleniumBasics.SeleniumBasics.pageScrolling"/>
</testsuite> <!-- SeleniumBasics.SeleniumBasics.pageScrolling -->
