<?xml version="1.0" encoding="UTF-8"?>
<!-- Generated by org.testng.reporters.JUnitReportReporter -->
<testsuite skipped="0" hostname="Ammu-PC" name="SeleniumBasics.SeleniumBasics.filterTest" tests="1" failures="0" timestamp="05 Sep 2017 08:42:27 GMT" time="17.709" errors="0">
  <testcase name="filterTest" time="17.709" classname="SeleniumBasics.SeleniumBasics.filterTest"/>
</testsuite> <!-- SeleniumBasics.SeleniumBasics.filterTest -->
