<?xml version="1.0" encoding="UTF-8"?>
<!-- Generated by org.testng.reporters.JUnitReportReporter -->
<testsuite hostname="Ammu-PC" name="SeleniumBasics.SeleniumBasics.verifyCollapsedAndExpandedObjects" tests="1" failures="0" timestamp="5 Sep 2017 00:16:56 GMT" time="15.832" errors="0">
  <testcase name="test1" time="15.832" classname="SeleniumBasics.SeleniumBasics.verifyCollapsedAndExpandedObjects"/>
</testsuite> <!-- SeleniumBasics.SeleniumBasics.verifyCollapsedAndExpandedObjects -->
