<?xml version="1.0" encoding="UTF-8"?>
<!-- Generated by org.testng.reporters.JUnitReportReporter -->
<testsuite skipped="0" hostname="Ammu-PC" name="SeleniumBasics.SeleniumBasics.HandleTable" tests="1" failures="0" timestamp="15 Sep 2017 21:44:36 GMT" time="15.464" errors="0">
  <testcase name="handleTableTest" time="15.464" classname="SeleniumBasics.SeleniumBasics.HandleTable"/>
</testsuite> <!-- SeleniumBasics.SeleniumBasics.HandleTable -->
