<?xml version="1.0" encoding="UTF-8"?>
<!-- Generated by org.testng.reporters.JUnitReportReporter -->
<testsuite skipped="0" hostname="Ammu-PC" name="SeleniumBasics.SeleniumBasics.Selenium3" tests="1" failures="0" timestamp="06 Sep 2017 01:04:43 GMT" time="9.053" errors="0">
  <testcase name="test" time="9.053" classname="SeleniumBasics.SeleniumBasics.Selenium3"/>
</testsuite> <!-- SeleniumBasics.SeleniumBasics.Selenium3 -->
