<?xml version="1.0" encoding="UTF-8"?>
<!-- Generated by org.testng.reporters.JUnitReportReporter -->
<testsuite skipped="0" hostname="Ammu-PC" name="SeleniumBasics.SeleniumBasics.DragDropTest" tests="1" failures="0" timestamp="05 Sep 2017 02:54:18 GMT" time="9.937" errors="0">
  <testcase name="dropDownTest" time="9.937" classname="SeleniumBasics.SeleniumBasics.DragDropTest"/>
</testsuite> <!-- SeleniumBasics.SeleniumBasics.DragDropTest -->
