<?xml version="1.0" encoding="UTF-8"?>
<!-- Generated by org.testng.reporters.JUnitReportReporter -->
<testsuite skipped="0" hostname="Ammu-PC" name="SeleniumBasics.SeleniumBasics.JSE_method2" tests="1" failures="0" timestamp="05 Sep 2017 06:42:22 GMT" time="23.265" errors="0">
  <testcase name="JSETest" time="23.265" classname="SeleniumBasics.SeleniumBasics.JSE_method2"/>
</testsuite> <!-- SeleniumBasics.SeleniumBasics.JSE_method2 -->
